<?xml version="1.0" encoding="UTF-8"?>
<!-- Generated by org.testng.reporters.JUnitXMLReporter -->
<testsuite hostname="Mohan" ignored="4" name="Test" tests="3" failures="1" timestamp="04 Jan 2018 07:24:00 GMT" time="21.392" errors="0">
  <testcase name="@BeforeMethod precondition" time="6.182" classname="com.projectName.libraries.SuperTestNG">
    <failure type="org.openqa.selenium.SessionNotCreatedException" message="session not created exception
from disconnected: received Inspector.detached event
  (Session info: chrome=63.0.3239.108)
  (Driver info: chromedriver=2.33.506120 (e3e53437346286c0bc2d2dc9aa4915ba81d9023f),platform=Windows NT 6.3.9600 x86_64) (WARNING: The server did not provide any stacktrace information)
Command duration or timeout: 5.54 seconds
Build info: version: &amp;apos;3.6.0&amp;apos;, revision: &amp;apos;6fbf3ec767&amp;apos;, time: &amp;apos;2017-09-27T16:15:40.131Z&amp;apos;
System info: host: &amp;apos;MOHAN&amp;apos;, ip: &amp;apos;192.168.1.171&amp;apos;, os.name: &amp;apos;Windows 8.1&amp;apos;, os.arch: &amp;apos;amd64&amp;apos;, os.version: &amp;apos;6.3&amp;apos;, java.version: &amp;apos;1.8.0_152&amp;apos;
Driver info: driver.version: ChromeDriver">
      <![CDATA[org.openqa.selenium.SessionNotCreatedException: session not created exceptionfrom disconnected: received Inspector.detached event  (Session info: chrome=63.0.3239.108)  (Driver info: chromedriver=2.33.506120 (e3e53437346286c0bc2d2dc9aa4915ba81d9023f),platform=Windows NT 6.3.9600 x86_64) (WARNING: The server did not provide any stacktrace information)Command duration or timeout: 5.54 secondsBuild info: version: '3.6.0', revision: '6fbf3ec767', time: '2017-09-27T16:15:40.131Z'System info: host: 'MOHAN', ip: '192.168.1.171', os.name: 'Windows 8.1', os.arch: 'amd64', os.version: '6.3', java.version: '1.8.0_152'Driver info: driver.version: ChromeDriverat org.openqa.selenium.remote.ErrorHandler.createThrowable(ErrorHandler.java:214)at org.openqa.selenium.remote.ErrorHandler.throwIfResponseFailed(ErrorHandler.java:166)at org.openqa.selenium.remote.JsonWireProtocolResponse.lambda$new$0(JsonWireProtocolResponse.java:53)at org.openqa.selenium.remote.JsonWireProtocolResponse.lambda$getResponseFunction$2(JsonWireProtocolResponse.java:91)at org.openqa.selenium.remote.ProtocolHandshake.lambda$createSession$24(ProtocolHandshake.java:359)at java.util.stream.ReferencePipeline$3$1.accept(ReferencePipeline.java:193)at java.util.Spliterators$ArraySpliterator.tryAdvance(Spliterators.java:958)at java.util.stream.ReferencePipeline.forEachWithCancel(ReferencePipeline.java:126)at java.util.stream.AbstractPipeline.copyIntoWithCancel(AbstractPipeline.java:498)at java.util.stream.AbstractPipeline.copyInto(AbstractPipeline.java:485)at java.util.stream.AbstractPipeline.wrapAndCopyInto(AbstractPipeline.java:471)at java.util.stream.FindOps$FindOp.evaluateSequential(FindOps.java:152)at java.util.stream.AbstractPipeline.evaluate(AbstractPipeline.java:234)at java.util.stream.ReferencePipeline.findFirst(ReferencePipeline.java:464)at org.openqa.selenium.remote.ProtocolHandshake.createSession(ProtocolHandshake.java:362)at org.openqa.selenium.remote.ProtocolHandshake.createSession(ProtocolHandshake.java:136)at org.openqa.selenium.remote.HttpCommandExecutor.execute(HttpCommandExecutor.java:142)at org.openqa.selenium.remote.service.DriverCommandExecutor.execute(DriverCommandExecutor.java:83)at org.openqa.selenium.remote.RemoteWebDriver.execute(RemoteWebDriver.java:586)at org.openqa.selenium.remote.RemoteWebDriver.startSession(RemoteWebDriver.java:217)at org.openqa.selenium.remote.RemoteWebDriver.<init>(RemoteWebDriver.java:140)at org.openqa.selenium.chrome.ChromeDriver.<init>(ChromeDriver.java:181)at org.openqa.selenium.chrome.ChromeDriver.<init>(ChromeDriver.java:168)at org.openqa.selenium.chrome.ChromeDriver.<init>(ChromeDriver.java:123)at com.projectName.libraries.SuperTestNG.precondition(SuperTestNG.java:48)... Removed 32 stack frames]]>
    </failure>
  </testcase> <!-- @BeforeMethod precondition -->
  <testcase name="@AfterMethod postCondition" time="0.0" classname="com.projectName.libraries.SuperTestNG">
    <skipped/>
  </testcase> <!-- @AfterMethod postCondition -->
  <testcase name="@BeforeMethod precondition" time="0.0" classname="com.projectName.libraries.SuperTestNG">
    <skipped/>
  </testcase> <!-- @BeforeMethod precondition -->
  <testcase name="@AfterMethod postCondition" time="0.0" classname="com.projectName.libraries.SuperTestNG">
    <skipped/>
  </testcase> <!-- @AfterMethod postCondition -->
  <testcase name="testAT_Login_Invalid" time="0.046" classname="com.projectName.LoginModule.AT_Login_Invalid">
    <failure type="org.openqa.selenium.NoSuchWindowException" message="no such window: target window already closed
from unknown error: web view not found
  (Session info: chrome=63.0.3239.108)
  (Driver info: chromedriver=2.33.506120 (e3e53437346286c0bc2d2dc9aa4915ba81d9023f),platform=Windows NT 6.3.9600 x86_64) (WARNING: The server did not provide any stacktrace information)
Command duration or timeout: 0 milliseconds
Build info: version: &amp;apos;3.6.0&amp;apos;, revision: &amp;apos;6fbf3ec767&amp;apos;, time: &amp;apos;2017-09-27T16:15:40.131Z&amp;apos;
System info: host: &amp;apos;MOHAN&amp;apos;, ip: &amp;apos;192.168.1.171&amp;apos;, os.name: &amp;apos;Windows 8.1&amp;apos;, os.arch: &amp;apos;amd64&amp;apos;, os.version: &amp;apos;6.3&amp;apos;, java.version: &amp;apos;1.8.0_152&amp;apos;
Driver info: org.openqa.selenium.chrome.ChromeDriver
Capabilities [{mobileEmulationEnabled=false, hasTouchScreen=false, platform=XP, acceptSslCerts=true, webStorageEnabled=true, browserName=chrome, takesScreenshot=true, javascriptEnabled=true, platformName=XP, setWindowRect=true, unexpectedAlertBehaviour=, applicationCacheEnabled=false, rotatable=false, networkConnectionEnabled=false, chrome={chromedriverVersion=2.33.506120 (e3e53437346286c0bc2d2dc9aa4915ba81d9023f), userDataDir=C:\Users\MohanRaj\AppData\Local\Temp\scoped_dir7072_14626}, takesHeapSnapshot=true, pageLoadStrategy=normal, unhandledPromptBehavior=, databaseEnabled=false, handlesAlerts=true, version=63.0.3239.108, browserConnectionEnabled=false, nativeEvents=true, locationContextEnabled=true, cssSelectorsEnabled=true}]
Session ID: 4c674318617bf54cb0710f0b0cb944b7
*** Element info: {Using=name, value=username}">
      <![CDATA[org.openqa.selenium.NoSuchWindowException: no such window: target window already closedfrom unknown error: web view not found  (Session info: chrome=63.0.3239.108)  (Driver info: chromedriver=2.33.506120 (e3e53437346286c0bc2d2dc9aa4915ba81d9023f),platform=Windows NT 6.3.9600 x86_64) (WARNING: The server did not provide any stacktrace information)Command duration or timeout: 0 millisecondsBuild info: version: '3.6.0', revision: '6fbf3ec767', time: '2017-09-27T16:15:40.131Z'System info: host: 'MOHAN', ip: '192.168.1.171', os.name: 'Windows 8.1', os.arch: 'amd64', os.version: '6.3', java.version: '1.8.0_152'Driver info: org.openqa.selenium.chrome.ChromeDriverCapabilities [{mobileEmulationEnabled=false, hasTouchScreen=false, platform=XP, acceptSslCerts=true, webStorageEnabled=true, browserName=chrome, takesScreenshot=true, javascriptEnabled=true, platformName=XP, setWindowRect=true, unexpectedAlertBehaviour=, applicationCacheEnabled=false, rotatable=false, networkConnectionEnabled=false, chrome={chromedriverVersion=2.33.506120 (e3e53437346286c0bc2d2dc9aa4915ba81d9023f), userDataDir=C:\Users\MohanRaj\AppData\Local\Temp\scoped_dir7072_14626}, takesHeapSnapshot=true, pageLoadStrategy=normal, unhandledPromptBehavior=, databaseEnabled=false, handlesAlerts=true, version=63.0.3239.108, browserConnectionEnabled=false, nativeEvents=true, locationContextEnabled=true, cssSelectorsEnabled=true}]Session ID: 4c674318617bf54cb0710f0b0cb944b7*** Element info: {Using=name, value=username}at org.openqa.selenium.remote.ErrorHandler.createThrowable(ErrorHandler.java:214)at org.openqa.selenium.remote.ErrorHandler.throwIfResponseFailed(ErrorHandler.java:166)at org.openqa.selenium.remote.http.JsonHttpResponseCodec.reconstructValue(JsonHttpResponseCodec.java:40)at org.openqa.selenium.remote.http.AbstractHttpResponseCodec.decode(AbstractHttpResponseCodec.java:82)at org.openqa.selenium.remote.http.AbstractHttpResponseCodec.decode(AbstractHttpResponseCodec.java:45)at org.openqa.selenium.remote.HttpCommandExecutor.execute(HttpCommandExecutor.java:164)at org.openqa.selenium.remote.service.DriverCommandExecutor.execute(DriverCommandExecutor.java:83)at org.openqa.selenium.remote.RemoteWebDriver.execute(RemoteWebDriver.java:586)at org.openqa.selenium.remote.RemoteWebDriver.findElement(RemoteWebDriver.java:356)at org.openqa.selenium.remote.RemoteWebDriver.findElementByName(RemoteWebDriver.java:434)at org.openqa.selenium.By$ByName.findElement(By.java:303)at org.openqa.selenium.remote.RemoteWebDriver.findElement(RemoteWebDriver.java:348)at com.projectName.libraries.ProjectSpecific.login(ProjectSpecific.java:10)at com.projectName.LoginModule.AT_Login_Invalid.testAT_Login_Invalid(AT_Login_Invalid.java:15)... Removed 29 stack frames]]>
    </failure>
  </testcase> <!-- testAT_Login_Invalid -->
  <testcase name="testAT_LoginLogout_Valid_Data_Driving_Test" time="0.0" classname="com.projectName.LoginModule.AT_LoginLogout_Valid_Data_Driving_Test">
    <skipped/>
  </testcase> <!-- testAT_LoginLogout_Valid_Data_Driving_Test -->
  <testcase name="testAT_LoginLogout_Valid" time="0.0" classname="com.projectName.LoginModule.AT_LoginLogout_Valid">
    <skipped/>
  </testcase> <!-- testAT_LoginLogout_Valid -->
  <testcase name="@BeforeSuite dd" time="0.0" classname="com.projectName.libraries.SuperTestNG">
    <ignored/>
  </testcase> <!-- @BeforeSuite dd -->
  <testcase name="@BeforeSuite dd" time="0.0" classname="com.projectName.libraries.SuperTestNG">
    <ignored/>
  </testcase> <!-- @BeforeSuite dd -->
  <testcase name="@AfterSuite end" time="0.0" classname="com.projectName.libraries.SuperTestNG">
    <ignored/>
  </testcase> <!-- @AfterSuite end -->
  <testcase name="@AfterSuite end" time="0.0" classname="com.projectName.libraries.SuperTestNG">
    <ignored/>
  </testcase> <!-- @AfterSuite end -->
</testsuite> <!-- Test -->
